\BOOKMARK [0][-]{chapter*.1}{\376\377\000P\000r\000e\000f\000a\000c\000e}{}% 1
\BOOKMARK [0][-]{chapter.1}{\376\377\000L\000i\000b\000r\000a\000r\000y\000\040\000O\000v\000e\000r\000v\000i\000e\000w\000\040\000a\000n\000d\000\040\000S\000t\000a\000r\000t\000e\000r\000\040\000G\000u\000i\000d\000e}{}% 2
\BOOKMARK [1][-]{section.1.1}{\376\377\000W\000h\000a\000t\000\040\000E\000L\000D\000A\000\040\000p\000r\000o\000v\000i\000d\000e\000s}{chapter.1}% 3
\BOOKMARK [1][-]{section.1.2}{\376\377\000B\000u\000i\000l\000d\000\040\000t\000h\000e\000\040\000p\000r\000o\000j\000e\000c\000t}{chapter.1}% 4
\BOOKMARK [1][-]{section.1.3}{\376\377\000M\000i\000n\000i\000m\000a\000l\000\040\000u\000s\000a\000g\000e\000\040\000e\000x\000a\000m\000p\000l\000e}{chapter.1}% 5
\BOOKMARK [1][-]{section.1.4}{\376\377\000W\000h\000o\000\040\000t\000h\000i\000s\000\040\000b\000o\000o\000k\000l\000e\000t\000\040\000i\000s\000\040\000f\000o\000r}{chapter.1}% 6
\BOOKMARK [0][-]{chapter.2}{\376\377\000M\000a\000t\000h\000e\000m\000a\000t\000i\000c\000a\000l\000\040\000a\000n\000d\000\040\000T\000e\000c\000h\000n\000i\000c\000a\000l\000\040\000F\000o\000u\000n\000d\000a\000t\000i\000o\000n\000s}{}% 7
\BOOKMARK [1][-]{section.2.1}{\376\377\000N\000o\000t\000a\000t\000i\000o\000n\000\040\000u\000s\000e\000d\000\040\000i\000n\000\040\000t\000h\000i\000s\000\040\000b\000o\000o\000k\000l\000e\000t}{chapter.2}% 8
\BOOKMARK [1][-]{section.2.2}{\376\377\000D\000e\000n\000s\000e\000\040\000s\000t\000o\000r\000a\000g\000e\000\040\000m\000o\000d\000e\000l}{chapter.2}% 9
\BOOKMARK [1][-]{section.2.3}{\376\377\000M\000u\000t\000a\000t\000i\000n\000g\000\040\000v\000e\000r\000s\000u\000s\000\040\000n\000o\000n\000-\000m\000u\000t\000a\000t\000i\000n\000g\000\040\000o\000p\000e\000r\000a\000t\000i\000o\000n\000s}{chapter.2}% 10
\BOOKMARK [1][-]{section.2.4}{\376\377\000C\000o\000r\000e\000\040\000l\000i\000n\000e\000a\000r\000\040\000a\000l\000g\000e\000b\000r\000a\000\040\000i\000d\000e\000a\000s}{chapter.2}% 11
\BOOKMARK [2][-]{subsection.2.4.1}{\376\377\000E\000l\000e\000m\000e\000n\000t\000a\000r\000y\000\040\000r\000o\000w\000\040\000o\000p\000e\000r\000a\000t\000i\000o\000n\000s}{section.2.4}% 12
\BOOKMARK [2][-]{subsection.2.4.2}{\376\377\000H\000o\000m\000o\000g\000e\000n\000e\000o\000u\000s\000\040\000c\000o\000o\000r\000d\000i\000n\000a\000t\000e\000s}{section.2.4}% 13
\BOOKMARK [0][-]{chapter.3}{\376\377\000M\000a\000t\000r\000i\000x\000\040\000T\000y\000p\000e\000,\000\040\000C\000o\000n\000s\000t\000r\000u\000c\000t\000o\000r\000s\000,\000\040\000a\000n\000d\000\040\000B\000a\000s\000i\000c\000\040\000A\000P\000I}{}% 14
\BOOKMARK [1][-]{section.3.1}{\376\377\000C\000o\000n\000s\000t\000r\000u\000c\000t\000o\000r\000s}{chapter.3}% 15
\BOOKMARK [2][-]{subsection.3.1.1}{\376\377\000m\000a\000t\000r\000i\000x\000\050\000\051}{section.3.1}% 16
\BOOKMARK [2][-]{subsection.3.1.2}{\376\377\000m\000a\000t\000r\000i\000x\000\050\000i\000n\000t\000\040\000r\000,\000\040\000i\000n\000t\000\040\000c\000\051}{section.3.1}% 17
\BOOKMARK [1][-]{section.3.2}{\376\377\000E\000l\000e\000m\000e\000n\000t\000\040\000a\000c\000c\000e\000s\000s\000\040\000a\000n\000d\000\040\000I\000/\000O}{chapter.3}% 18
\BOOKMARK [2][-]{subsection.3.2.1}{\376\377\000g\000e\000t\000e\000l\000e\000m\000e\000n\000t\000\050\000i\000,\000\040\000j\000\051}{section.3.2}% 19
\BOOKMARK [2][-]{subsection.3.2.2}{\376\377\000r\000e\000f\000e\000l\000e\000m\000e\000n\000t\000\050\000i\000,\000\040\000j\000\051}{section.3.2}% 20
\BOOKMARK [2][-]{subsection.3.2.3}{\376\377\000i\000n\000p\000u\000t\000\050\000\051}{section.3.2}% 21
\BOOKMARK [2][-]{subsection.3.2.4}{\376\377\000p\000r\000i\000n\000t\000\050\000\051}{section.3.2}% 22
\BOOKMARK [1][-]{section.3.3}{\376\377\000A\000s\000s\000i\000g\000n\000m\000e\000n\000t\000\040\000a\000n\000d\000\040\000c\000o\000m\000p\000a\000r\000i\000s\000o\000n\000s}{chapter.3}% 23
\BOOKMARK [2][-]{subsection.3.3.1}{\376\377\000o\000p\000e\000r\000a\000t\000o\000r\000=\000\050\000m\000a\000t\000r\000i\000x\000\040\000m\0002\000\051}{section.3.3}% 24
\BOOKMARK [2][-]{subsection.3.3.2}{\376\377\000o\000p\000e\000r\000a\000t\000o\000r\000=\000=\000\050\000m\000a\000t\000r\000i\000x\000\040\000m\0001\000,\000\040\000m\000a\000t\000r\000i\000x\000\040\000m\0002\000\051}{section.3.3}% 25
\BOOKMARK [2][-]{subsection.3.3.3}{\376\377\000s\000h\000a\000p\000e\000c\000o\000m\000p\000\050\000m\000a\000t\000r\000i\000x\000\040\000m\0001\000,\000\040\000m\000a\000t\000r\000i\000x\000\040\000m\0002\000\051}{section.3.3}% 26
\BOOKMARK [1][-]{section.3.4}{\376\377\000I\000d\000e\000n\000t\000i\000t\000y\000\040\000a\000n\000d\000\040\000s\000t\000r\000u\000c\000t\000u\000r\000e\000\040\000h\000e\000l\000p\000e\000r\000s}{chapter.3}% 27
\BOOKMARK [2][-]{subsection.3.4.1}{\376\377\000i\000d\000e\000n\000t\000i\000t\000y\000\050\000i\000n\000t\000\040\000n\000\051}{section.3.4}% 28
\BOOKMARK [2][-]{subsection.3.4.2}{\376\377\000g\000e\000t\000r\000o\000w\000\050\000i\000n\000t\000\040\000r\000\051}{section.3.4}% 29
\BOOKMARK [2][-]{subsection.3.4.3}{\376\377\000g\000e\000t\000c\000o\000l\000\050\000i\000n\000t\000\040\000c\000\051}{section.3.4}% 30
\BOOKMARK [0][-]{chapter.4}{\376\377\000A\000r\000i\000t\000h\000m\000e\000t\000i\000c\000\040\000O\000p\000e\000r\000a\000t\000i\000o\000n\000s}{}% 31
\BOOKMARK [1][-]{section.4.1}{\376\377\000o\000p\000e\000r\000a\000t\000o\000r\000+\000\050\000m\000a\000t\000r\000i\000x\000\040\000m\0002\000\051}{chapter.4}% 32
\BOOKMARK [1][-]{section.4.2}{\376\377\000o\000p\000e\000r\000a\000t\000o\000r\000-\000\050\000m\000a\000t\000r\000i\000x\000\040\000m\0002\000\051}{chapter.4}% 33
\BOOKMARK [1][-]{section.4.3}{\376\377\000o\000p\000e\000r\000a\000t\000o\000r\000*\000\050\000d\000o\000u\000b\000l\000e\000\040\000d\000\051}{chapter.4}% 34
\BOOKMARK [1][-]{section.4.4}{\376\377\000o\000p\000e\000r\000a\000t\000o\000r\000*\000\050\000m\000a\000t\000r\000i\000x\000\040\000m\0002\000\051}{chapter.4}% 35
\BOOKMARK [0][-]{chapter.5}{\376\377\000E\000l\000e\000m\000e\000n\000t\000a\000r\000y\000\040\000R\000o\000w\000\040\000a\000n\000d\000\040\000C\000o\000l\000u\000m\000n\000\040\000O\000p\000e\000r\000a\000t\000i\000o\000n\000s}{}% 36
\BOOKMARK [1][-]{section.5.1}{\376\377\000r\000o\000w\000o\000p\000\050\000i\000n\000t\000\040\000i\000,\000\040\000d\000o\000u\000b\000l\000e\000\040\000c\000o\000e\000f\000f\000,\000\040\000i\000n\000t\000\040\000j\000\051}{chapter.5}% 37
\BOOKMARK [1][-]{section.5.2}{\376\377\000c\000o\000l\000o\000p\000\050\000i\000n\000t\000\040\000i\000,\000\040\000d\000o\000u\000b\000l\000e\000\040\000c\000o\000e\000f\000f\000,\000\040\000i\000n\000t\000\040\000j\000\051}{chapter.5}% 38
\BOOKMARK [1][-]{section.5.3}{\376\377\000r\000o\000w\000s\000w\000a\000p\000\050\000i\000n\000t\000\040\000i\000,\000\040\000i\000n\000t\000\040\000j\000\051\000\040\000a\000n\000d\000\040\000c\000o\000l\000s\000w\000a\000p\000\050\000i\000n\000t\000\040\000i\000,\000\040\000i\000n\000t\000\040\000j\000\051}{chapter.5}% 39
\BOOKMARK [1][-]{section.5.4}{\376\377\000r\000o\000w\000m\000u\000l\000t\000i\000\050\000i\000n\000t\000\040\000i\000,\000\040\000d\000o\000u\000b\000l\000e\000\040\000f\000a\000c\000t\000o\000r\000\051\000\040\000a\000n\000d\000\040\000c\000o\000l\000m\000u\000l\000t\000i\000\050\000i\000n\000t\000\040\000i\000,\000\040\000d\000o\000u\000b\000l\000e\000\040\000f\000a\000c\000t\000o\000r\000\051}{chapter.5}% 40
\BOOKMARK [0][-]{chapter.6}{\376\377\000E\000l\000i\000m\000i\000n\000a\000t\000i\000o\000n\000,\000\040\000R\000a\000n\000k\000,\000\040\000a\000n\000d\000\040\000L\000i\000n\000e\000a\000r\000\040\000S\000y\000s\000t\000e\000m\000s}{}% 41
\BOOKMARK [1][-]{section.6.1}{\376\377\000e\000c\000h\000e\000l\000o\000n\000\050\000\051}{chapter.6}% 42
\BOOKMARK [1][-]{section.6.2}{\376\377\000g\000a\000u\000s\000s\000i\000a\000n\000\050\000\051}{chapter.6}% 43
\BOOKMARK [1][-]{section.6.3}{\376\377\000g\000a\000u\000s\000s\000j\000o\000r\000d\000a\000n\000\050\000\051}{chapter.6}% 44
\BOOKMARK [1][-]{section.6.4}{\376\377\000c\000a\000n\000o\000n\000i\000c\000a\000l\000\050\000\051}{chapter.6}% 45
\BOOKMARK [1][-]{section.6.5}{\376\377\000r\000a\000n\000k\000\050\000\051}{chapter.6}% 46
\BOOKMARK [1][-]{section.6.6}{\376\377\000f\000r\000e\000e\000v\000a\000r\000i\000a\000b\000l\000e\000\050\000\051}{chapter.6}% 47
\BOOKMARK [1][-]{section.6.7}{\376\377\000s\000o\000l\000v\000e\000\050\000\051}{chapter.6}% 48
\BOOKMARK [0][-]{chapter.7}{\376\377\000D\000e\000t\000e\000r\000m\000i\000n\000a\000n\000t\000s\000,\000\040\000C\000o\000f\000a\000c\000t\000o\000r\000s\000,\000\040\000a\000n\000d\000\040\000I\000n\000v\000e\000r\000s\000e\000s}{}% 49
\BOOKMARK [1][-]{section.7.1}{\376\377\000t\000r\000a\000c\000e\000\050\000\051}{chapter.7}% 50
\BOOKMARK [1][-]{section.7.2}{\376\377\000d\000i\000a\000g\000p\000r\000o\000d\000u\000c\000t\000\050\000\051}{chapter.7}% 51
\BOOKMARK [1][-]{section.7.3}{\376\377\000d\000e\000t\000\050\000\051}{chapter.7}% 52
\BOOKMARK [1][-]{section.7.4}{\376\377\000m\000i\000n\000o\000r\000\050\000i\000n\000t\000\040\000x\000,\000\040\000i\000n\000t\000\040\000y\000\051}{chapter.7}% 53
\BOOKMARK [1][-]{section.7.5}{\376\377\000c\000o\000f\000a\000c\000t\000o\000r\000\050\000i\000n\000t\000\040\000x\000,\000\040\000i\000n\000t\000\040\000y\000\051}{chapter.7}% 54
\BOOKMARK [1][-]{section.7.6}{\376\377\000a\000d\000j\000o\000i\000n\000t\000\050\000\051}{chapter.7}% 55
\BOOKMARK [1][-]{section.7.7}{\376\377\000t\000r\000a\000n\000s\000p\000o\000s\000e\000\050\000\051}{chapter.7}% 56
\BOOKMARK [1][-]{section.7.8}{\376\377\000i\000n\000v\000e\000r\000s\000e\000\050\000\051}{chapter.7}% 57
\BOOKMARK [0][-]{chapter.8}{\376\377\000N\000o\000r\000m\000s\000,\000\040\000I\000n\000n\000e\000r\000\040\000P\000r\000o\000d\000u\000c\000t\000s\000,\000\040\000M\000a\000t\000r\000i\000x\000\040\000P\000o\000w\000e\000r\000s\000,\000\040\000a\000n\000d\000\040\000C\000h\000a\000r\000a\000c\000t\000e\000r\000i\000s\000t\000i\000c\000\040\000P\000o\000l\000y\000n\000o\000m\000i\000a\000l\000s}{}% 58
\BOOKMARK [1][-]{section.8.1}{\376\377\000n\000o\000r\000m\000\050\000\051}{chapter.8}% 59
\BOOKMARK [1][-]{section.8.2}{\376\377\000i\000n\000n\000e\000r\000p\000r\000o\000d\000u\000c\000t\000\050\000m\000a\000t\000r\000i\000x\000\040\000a\000,\000\040\000m\000a\000t\000r\000i\000x\000\040\000b\000\051}{chapter.8}% 60
\BOOKMARK [1][-]{section.8.3}{\376\377\000a\000n\000g\000l\000e\000\050\000m\000a\000t\000r\000i\000x\000\040\000a\000,\000\040\000m\000a\000t\000r\000i\000x\000\040\000b\000\051}{chapter.8}% 61
\BOOKMARK [1][-]{section.8.4}{\376\377\000m\000a\000t\000p\000o\000w\000\050\000m\000a\000t\000r\000i\000x\000\040\000m\000a\000t\000,\000\040\000l\000o\000n\000g\000\040\000l\000o\000n\000g\000\040\000e\000x\000p\000o\000\051}{chapter.8}% 62
\BOOKMARK [1][-]{section.8.5}{\376\377\000c\000h\000a\000r\000p\000o\000l\000y\000\050\000\051}{chapter.8}% 63
\BOOKMARK [1][-]{section.8.6}{\376\377\000c\000h\000e\000c\000k\000o\000r\000t\000h\000o\000\050\000m\000a\000t\000r\000i\000x\000\040\000m\000a\000t\000\051}{chapter.8}% 64
\BOOKMARK [1][-]{section.8.7}{\376\377\000c\000h\000e\000c\000k\000u\000n\000i\000t\000a\000r\000y\000\050\000m\000a\000t\000r\000i\000x\000\040\000m\000a\000t\000\051}{chapter.8}% 65
\BOOKMARK [0][-]{chapter.9}{\376\377\000T\000r\000a\000n\000s\000f\000o\000r\000m\000a\000t\000i\000o\000n\000\040\000H\000e\000l\000p\000e\000r\000s}{}% 66
\BOOKMARK [1][-]{section.9.1}{\376\377\0002\000D\000\040\000t\000r\000a\000n\000s\000f\000o\000r\000m\000a\000t\000i\000o\000n\000\040\000m\000a\000t\000r\000i\000c\000e\000s}{chapter.9}% 67
\BOOKMARK [2][-]{subsection.9.1.1}{\376\377\000s\000h\000i\000f\000t\000\050\000d\000o\000u\000b\000l\000e\000\040\000d\000x\000,\000\040\000d\000o\000u\000b\000l\000e\000\040\000d\000y\000\051}{section.9.1}% 68
\BOOKMARK [2][-]{subsection.9.1.2}{\376\377\000s\000c\000a\000l\000e\000\050\000d\000o\000u\000b\000l\000e\000\040\000k\000x\000,\000\040\000d\000o\000u\000b\000l\000e\000\040\000k\000y\000\051}{section.9.1}% 69
\BOOKMARK [2][-]{subsection.9.1.3}{\376\377\000r\000o\000t\000a\000t\000e\000\050\000d\000o\000u\000b\000l\000e\000\040\000a\000n\000g\000l\000e\000\051}{section.9.1}% 70
\BOOKMARK [1][-]{section.9.2}{\376\377\0003\000D\000\040\000t\000r\000a\000n\000s\000f\000o\000r\000m\000a\000t\000i\000o\000n\000\040\000m\000a\000t\000r\000i\000c\000e\000s}{chapter.9}% 71
\BOOKMARK [2][-]{subsection.9.2.1}{\376\377\000s\000h\000i\000f\000t\000\050\000d\000o\000u\000b\000l\000e\000\040\000d\000x\000,\000\040\000d\000o\000u\000b\000l\000e\000\040\000d\000y\000,\000\040\000d\000o\000u\000b\000l\000e\000\040\000d\000z\000\051}{section.9.2}% 72
\BOOKMARK [2][-]{subsection.9.2.2}{\376\377\000s\000c\000a\000l\000e\000\050\000d\000o\000u\000b\000l\000e\000\040\000k\000x\000,\000\040\000d\000o\000u\000b\000l\000e\000\040\000k\000y\000,\000\040\000d\000o\000u\000b\000l\000e\000\040\000k\000z\000\051}{section.9.2}% 73
\BOOKMARK [2][-]{subsection.9.2.3}{\376\377\000r\000o\000t\000x\000\050\000d\000o\000u\000b\000l\000e\000\040\000a\000n\000g\000l\000e\000\051}{section.9.2}% 74
\BOOKMARK [2][-]{subsection.9.2.4}{\376\377\000r\000o\000t\000y\000\050\000d\000o\000u\000b\000l\000e\000\040\000a\000n\000g\000l\000e\000\051}{section.9.2}% 75
\BOOKMARK [2][-]{subsection.9.2.5}{\376\377\000r\000o\000t\000z\000\050\000d\000o\000u\000b\000l\000e\000\040\000a\000n\000g\000l\000e\000\051}{section.9.2}% 76
\BOOKMARK [0][-]{chapter.10}{\376\377\000L\000i\000b\000r\000a\000r\000y\000-\000S\000p\000e\000c\000i\000f\000i\000c\000\040\000U\000t\000i\000l\000i\000t\000i\000e\000s\000\040\000a\000n\000d\000\040\000N\000u\000m\000e\000r\000i\000c\000a\000l\000\040\000N\000o\000t\000e\000s}{}% 77
\BOOKMARK [1][-]{section.10.1}{\376\377\000v\000e\000c\0001\000\050\000\051\000\040\000t\000o\000\040\000v\000e\000c\0005\000\050\000\051\000\040\000a\000n\000d\000\040\000v\000a\000l\000u\000e\000\040\000o\000v\000e\000r\000l\000o\000a\000d\000s}{chapter.10}% 78
\BOOKMARK [1][-]{section.10.2}{\376\377\000c\000h\000e\000c\000k\000l\000i\000n\000c\000o\000m\000b\000\050\000.\000.\000.\000\051}{chapter.10}% 79
\BOOKMARK [1][-]{section.10.3}{\376\377\000n\000e\000g\000z\000e\000r\000o\000\050\000m\000a\000t\000r\000i\000x\000\046\000\040\000m\000\051}{chapter.10}% 80
\BOOKMARK [1][-]{section.10.4}{\376\377\000C\000o\000n\000s\000t\000a\000n\000t\000s}{chapter.10}% 81
\BOOKMARK [1][-]{section.10.5}{\376\377\000N\000u\000m\000e\000r\000i\000c\000a\000l\000\040\000c\000a\000v\000e\000a\000t\000s}{chapter.10}% 82
\BOOKMARK [1][-]{section.10.6}{\376\377\000S\000h\000a\000p\000e\000\040\000p\000r\000e\000r\000e\000q\000u\000i\000s\000i\000t\000e\000s\000\040\000s\000u\000m\000m\000a\000r\000y}{chapter.10}% 83
\BOOKMARK [0][-]{chapter.11}{\376\377\000E\000n\000g\000i\000n\000e\000e\000r\000i\000n\000g\000\040\000S\000t\000r\000u\000c\000t\000u\000r\000e\000\040\000a\000n\000d\000\040\000M\000a\000i\000n\000t\000e\000n\000a\000n\000c\000e\000\040\000N\000o\000t\000e\000s}{}% 84
\BOOKMARK [1][-]{section.11.1}{\376\377\000H\000e\000a\000d\000e\000r\000\040\000o\000r\000g\000a\000n\000i\000z\000a\000t\000i\000o\000n}{chapter.11}% 85
\BOOKMARK [1][-]{section.11.2}{\376\377\000I\000m\000p\000l\000e\000m\000e\000n\000t\000a\000t\000i\000o\000n\000\040\000o\000r\000g\000a\000n\000i\000z\000a\000t\000i\000o\000n}{chapter.11}% 86
\BOOKMARK [1][-]{section.11.3}{\376\377\000M\000u\000t\000a\000b\000i\000l\000i\000t\000y\000\040\000p\000o\000l\000i\000c\000y}{chapter.11}% 87
\BOOKMARK [1][-]{section.11.4}{\376\377\000S\000t\000a\000r\000t\000e\000r\000\040\000c\000h\000e\000c\000k\000l\000i\000s\000t\000\040\000f\000o\000r\000\040\000c\000o\000n\000t\000r\000i\000b\000u\000t\000o\000r\000s}{chapter.11}% 88
\BOOKMARK [0][-]{appendix.A}{\376\377\000Q\000u\000i\000c\000k\000\040\000R\000e\000f\000e\000r\000e\000n\000c\000e}{}% 89
\BOOKMARK [1][-]{section.A.1}{\376\377\000P\000u\000b\000l\000i\000c\000\040\000A\000P\000I\000\040\000m\000a\000p}{appendix.A}% 90
\BOOKMARK [0][-]{appendix.B}{\376\377\000B\000u\000i\000l\000d\000\040\000T\000h\000i\000s\000\040\000B\000o\000o\000k\000l\000e\000t}{}% 91
\BOOKMARK [1][-]{section.B.1}{\376\377\000C\000o\000m\000m\000a\000n\000d\000\040\000l\000i\000n\000e}{appendix.B}% 92
\BOOKMARK [1][-]{section.B.2}{\376\377\000W\000h\000y\000\040\000t\000h\000i\000s\000\040\000f\000o\000r\000m\000a\000t\000\040\000w\000o\000r\000k\000s\000\040\000w\000e\000l\000l}{appendix.B}% 93
\BOOKMARK [0][-]{appendix.C}{\376\377\000C\000o\000m\000p\000l\000e\000t\000e\000\040\0008\0000\000-\000F\000u\000n\000c\000t\000i\000o\000n\000\040\000C\000a\000t\000a\000l\000o\000g}{}% 94
\BOOKMARK [1][-]{section.C.1}{\376\377\000S\000c\000o\000p\000e}{appendix.C}% 95
\BOOKMARK [1][-]{section.C.2}{\376\377\000M\000a\000t\000r\000i\000x\000\040\000C\000o\000n\000s\000t\000r\000u\000c\000t\000i\000o\000n\000\040\000a\000n\000d\000\040\000A\000c\000c\000e\000s\000s}{appendix.C}% 96
\BOOKMARK [2][-]{subsection.C.2.1}{\376\377\000m\000a\000t\000r\000i\000x\000\050\000\051}{section.C.2}% 97
\BOOKMARK [2][-]{subsection.C.2.2}{\376\377\000m\000a\000t\000r\000i\000x\000\050\000i\000n\000t\000\040\000r\000,\000\040\000i\000n\000t\000\040\000c\000\051}{section.C.2}% 98
\BOOKMARK [2][-]{subsection.C.2.3}{\376\377\000m\000a\000t\000r\000i\000x\000\050\000c\000o\000n\000s\000t\000\040\000m\000a\000t\000r\000i\000x\000\046\000\051}{section.C.2}% 99
\BOOKMARK [2][-]{subsection.C.2.4}{\376\377\000g\000e\000t\000e\000l\000e\000m\000e\000n\000t\000\050\000i\000n\000t\000\040\000i\000,\000\040\000i\000n\000t\000\040\000j\000\051}{section.C.2}% 100
\BOOKMARK [2][-]{subsection.C.2.5}{\376\377\000r\000e\000f\000e\000l\000e\000m\000e\000n\000t\000\050\000i\000n\000t\000\040\000i\000,\000\040\000i\000n\000t\000\040\000j\000\051}{section.C.2}% 101
\BOOKMARK [2][-]{subsection.C.2.6}{\376\377\000i\000n\000p\000u\000t\000\050\000\051}{section.C.2}% 102
\BOOKMARK [2][-]{subsection.C.2.7}{\376\377\000p\000r\000i\000n\000t\000\050\000\051}{section.C.2}% 103
\BOOKMARK [1][-]{section.C.3}{\376\377\000A\000r\000i\000t\000h\000m\000e\000t\000i\000c\000\040\000a\000n\000d\000\040\000C\000o\000m\000p\000a\000r\000i\000s\000o\000n}{appendix.C}% 104
\BOOKMARK [2][-]{subsection.C.3.1}{\376\377\000o\000p\000e\000r\000a\000t\000o\000r\000=\000\050\000m\000a\000t\000r\000i\000x\000\051}{section.C.3}% 105
\BOOKMARK [2][-]{subsection.C.3.2}{\376\377\000o\000p\000e\000r\000a\000t\000o\000r\000+\000\050\000m\000a\000t\000r\000i\000x\000\051}{section.C.3}% 106
\BOOKMARK [2][-]{subsection.C.3.3}{\376\377\000o\000p\000e\000r\000a\000t\000o\000r\000-\000\050\000m\000a\000t\000r\000i\000x\000\051}{section.C.3}% 107
\BOOKMARK [2][-]{subsection.C.3.4}{\376\377\000o\000p\000e\000r\000a\000t\000o\000r\000*\000\050\000m\000a\000t\000r\000i\000x\000\051}{section.C.3}% 108
\BOOKMARK [2][-]{subsection.C.3.5}{\376\377\000o\000p\000e\000r\000a\000t\000o\000r\000*\000\050\000d\000o\000u\000b\000l\000e\000\051}{section.C.3}% 109
\BOOKMARK [2][-]{subsection.C.3.6}{\376\377\000o\000p\000e\000r\000a\000t\000o\000r\000=\000=\000\050\000m\000a\000t\000r\000i\000x\000,\000\040\000m\000a\000t\000r\000i\000x\000\051}{section.C.3}% 110
\BOOKMARK [2][-]{subsection.C.3.7}{\376\377\000s\000h\000a\000p\000e\000\137\000c\000o\000m\000p\000\050\000m\000a\000t\000r\000i\000x\000,\000\040\000m\000a\000t\000r\000i\000x\000\051}{section.C.3}% 111
\BOOKMARK [2][-]{subsection.C.3.8}{\376\377\000i\000d\000e\000n\000t\000i\000t\000y\000\050\000i\000n\000t\000\040\000n\000\051}{section.C.3}% 112
\BOOKMARK [1][-]{section.C.4}{\376\377\000E\000l\000e\000m\000e\000n\000t\000a\000r\000y\000\040\000R\000o\000w\000\040\000a\000n\000d\000\040\000C\000o\000l\000u\000m\000n\000\040\000O\000p\000e\000r\000a\000t\000i\000o\000n\000s}{appendix.C}% 113
\BOOKMARK [2][-]{subsection.C.4.1}{\376\377\000r\000o\000w\000\137\000o\000p\000\050\000i\000n\000t\000\040\000i\000,\000\040\000d\000o\000u\000b\000l\000e\000\040\000c\000o\000e\000f\000f\000,\000\040\000i\000n\000t\000\040\000j\000\051}{section.C.4}% 114
\BOOKMARK [2][-]{subsection.C.4.2}{\376\377\000c\000o\000l\000\137\000o\000p\000\050\000i\000n\000t\000\040\000i\000,\000\040\000d\000o\000u\000b\000l\000e\000\040\000c\000o\000e\000f\000f\000,\000\040\000i\000n\000t\000\040\000j\000\051}{section.C.4}% 115
\BOOKMARK [2][-]{subsection.C.4.3}{\376\377\000r\000o\000w\000\137\000s\000w\000a\000p\000\050\000i\000n\000t\000\040\000i\000,\000\040\000i\000n\000t\000\040\000j\000\051}{section.C.4}% 116
\BOOKMARK [2][-]{subsection.C.4.4}{\376\377\000c\000o\000l\000\137\000s\000w\000a\000p\000\050\000i\000n\000t\000\040\000i\000,\000\040\000i\000n\000t\000\040\000j\000\051}{section.C.4}% 117
\BOOKMARK [2][-]{subsection.C.4.5}{\376\377\000r\000o\000w\000\137\000m\000u\000l\000t\000i\000\050\000i\000n\000t\000\040\000i\000,\000\040\000d\000o\000u\000b\000l\000e\000\040\000f\000a\000c\000t\000o\000r\000\051}{section.C.4}% 118
\BOOKMARK [2][-]{subsection.C.4.6}{\376\377\000c\000o\000l\000\137\000m\000u\000l\000t\000i\000\050\000i\000n\000t\000\040\000i\000,\000\040\000d\000o\000u\000b\000l\000e\000\040\000f\000a\000c\000t\000o\000r\000\051}{section.C.4}% 119
\BOOKMARK [2][-]{subsection.C.4.7}{\376\377\000g\000e\000t\000\137\000r\000o\000w\000\050\000i\000n\000t\000\040\000r\000\051}{section.C.4}% 120
\BOOKMARK [2][-]{subsection.C.4.8}{\376\377\000g\000e\000t\000\137\000c\000o\000l\000\050\000i\000n\000t\000\040\000c\000\051}{section.C.4}% 121
\BOOKMARK [2][-]{subsection.C.4.9}{\376\377\000g\000e\000t\000\137\000r\000o\000w\000\137\000v\000e\000c\000\050\000i\000n\000t\000\040\000r\000\051}{section.C.4}% 122
\BOOKMARK [2][-]{subsection.C.4.10}{\376\377\000g\000e\000t\000\137\000c\000o\000l\000\137\000v\000e\000c\000\050\000i\000n\000t\000\040\000c\000\051}{section.C.4}% 123
\BOOKMARK [2][-]{subsection.C.4.11}{\376\377\000r\000e\000p\000l\000a\000c\000e\000\137\000r\000o\000w\000\050\000i\000n\000t\000\040\000r\000,\000\040\000m\000a\000t\000r\000i\000x\000\040\000r\000w\000\051}{section.C.4}% 124
\BOOKMARK [2][-]{subsection.C.4.12}{\376\377\000r\000e\000p\000l\000a\000c\000e\000\137\000c\000o\000l\000\050\000i\000n\000t\000\040\000c\000,\000\040\000m\000a\000t\000r\000i\000x\000\040\000c\000n\000\051}{section.C.4}% 125
\BOOKMARK [1][-]{section.C.5}{\376\377\000E\000l\000i\000m\000i\000n\000a\000t\000i\000o\000n\000\040\000a\000n\000d\000\040\000S\000y\000s\000t\000e\000m\000\040\000S\000o\000l\000v\000i\000n\000g}{appendix.C}% 126
\BOOKMARK [2][-]{subsection.C.5.1}{\376\377\000e\000c\000h\000e\000l\000o\000n\000\050\000\051}{section.C.5}% 127
\BOOKMARK [2][-]{subsection.C.5.2}{\376\377\000g\000a\000u\000s\000s\000i\000a\000n\000\050\000\051}{section.C.5}% 128
\BOOKMARK [2][-]{subsection.C.5.3}{\376\377\000g\000a\000u\000s\000s\000\137\000j\000o\000r\000d\000a\000n\000\050\000\051}{section.C.5}% 129
\BOOKMARK [2][-]{subsection.C.5.4}{\376\377\000c\000a\000n\000o\000n\000i\000c\000a\000l\000\050\000\051}{section.C.5}% 130
\BOOKMARK [2][-]{subsection.C.5.5}{\376\377\000r\000a\000n\000k\000\050\000\051}{section.C.5}% 131
\BOOKMARK [2][-]{subsection.C.5.6}{\376\377\000f\000r\000e\000e\000\137\000v\000a\000r\000i\000a\000b\000l\000e\000\050\000\051}{section.C.5}% 132
\BOOKMARK [2][-]{subsection.C.5.7}{\376\377\000s\000o\000l\000v\000e\000\050\000\051}{section.C.5}% 133
\BOOKMARK [1][-]{section.C.6}{\376\377\000M\000a\000t\000r\000i\000x\000\040\000I\000n\000v\000a\000r\000i\000a\000n\000t\000s\000\040\000a\000n\000d\000\040\000D\000e\000r\000i\000v\000e\000d\000\040\000M\000a\000t\000r\000i\000c\000e\000s}{appendix.C}% 134
\BOOKMARK [2][-]{subsection.C.6.1}{\376\377\000t\000r\000a\000c\000e\000\050\000\051}{section.C.6}% 135
\BOOKMARK [2][-]{subsection.C.6.2}{\376\377\000d\000i\000a\000g\000\137\000p\000r\000o\000d\000u\000c\000t\000\050\000\051}{section.C.6}% 136
\BOOKMARK [2][-]{subsection.C.6.3}{\376\377\000d\000e\000t\000\050\000\051}{section.C.6}% 137
\BOOKMARK [2][-]{subsection.C.6.4}{\376\377\000m\000i\000n\000o\000r\000\050\000i\000n\000t\000\040\000x\000,\000\040\000i\000n\000t\000\040\000y\000\051}{section.C.6}% 138
\BOOKMARK [2][-]{subsection.C.6.5}{\376\377\000c\000o\000f\000a\000c\000t\000o\000r\000\050\000i\000n\000t\000\040\000x\000,\000\040\000i\000n\000t\000\040\000y\000\051}{section.C.6}% 139
\BOOKMARK [2][-]{subsection.C.6.6}{\376\377\000a\000d\000j\000o\000i\000n\000t\000\050\000\051}{section.C.6}% 140
\BOOKMARK [2][-]{subsection.C.6.7}{\376\377\000t\000r\000a\000n\000s\000p\000o\000s\000e\000\050\000\051}{section.C.6}% 141
\BOOKMARK [2][-]{subsection.C.6.8}{\376\377\000i\000n\000v\000e\000r\000s\000e\000\050\000\051}{section.C.6}% 142
\BOOKMARK [2][-]{subsection.C.6.9}{\376\377\000o\000r\000t\000h\000o\000g\000o\000n\000a\000l\000i\000z\000e\000\050\000\051}{section.C.6}% 143
\BOOKMARK [2][-]{subsection.C.6.10}{\376\377\000o\000r\000t\000h\000o\000n\000o\000r\000m\000a\000l\000i\000z\000e\000\050\000\051}{section.C.6}% 144
\BOOKMARK [2][-]{subsection.C.6.11}{\376\377\000q\000r\000\137\000d\000e\000c\000o\000m\000p\000\137\000q\000\050\000\051}{section.C.6}% 145
\BOOKMARK [2][-]{subsection.C.6.12}{\376\377\000q\000r\000\137\000d\000e\000c\000o\000m\000p\000\137\000r\000\050\000\051}{section.C.6}% 146
\BOOKMARK [2][-]{subsection.C.6.13}{\376\377\000c\000h\000e\000c\000k\000\137\000u\000p\000p\000e\000r\000\137\000t\000r\000i\000\050\000\051}{section.C.6}% 147
\BOOKMARK [2][-]{subsection.C.6.14}{\376\377\000c\000h\000e\000c\000k\000\137\000l\000o\000w\000e\000r\000\137\000t\000r\000i\000\050\000\051}{section.C.6}% 148
\BOOKMARK [2][-]{subsection.C.6.15}{\376\377\000c\000h\000a\000r\000\137\000p\000o\000l\000y\000\050\000\051}{section.C.6}% 149
\BOOKMARK [2][-]{subsection.C.6.16}{\376\377\000e\000i\000g\000e\000n\000v\000a\000l\000u\000e\000s\000\050\000\051}{section.C.6}% 150
\BOOKMARK [2][-]{subsection.C.6.17}{\376\377\000n\000o\000r\000m\000\050\000\051}{section.C.6}% 151
\BOOKMARK [1][-]{section.C.7}{\376\377\000G\000l\000o\000b\000a\000l\000\040\000N\000u\000m\000e\000r\000i\000c\000a\000l\000\040\000a\000n\000d\000\040\000A\000l\000g\000e\000b\000r\000a\000\040\000H\000e\000l\000p\000e\000r\000s}{appendix.C}% 152
\BOOKMARK [2][-]{subsection.C.7.1}{\376\377\000n\000e\000g\000\137\000z\000e\000r\000o\000\050\000m\000a\000t\000r\000i\000x\000\046\000\040\000m\000\051}{section.C.7}% 153
\BOOKMARK [2][-]{subsection.C.7.2}{\376\377\000f\000p\000g\000\050\000m\000a\000t\000r\000i\000x\000\046\000\040\000m\000\051}{section.C.7}% 154
\BOOKMARK [2][-]{subsection.C.7.3}{\376\377\000m\000a\000t\000p\000o\000w\000\050\000m\000a\000t\000r\000i\000x\000\040\000m\000a\000t\000,\000\040\000l\000o\000n\000g\000\040\000l\000o\000n\000g\000\040\000e\000x\000p\000o\000\051}{section.C.7}% 155
\BOOKMARK [2][-]{subsection.C.7.4}{\376\377\000c\000h\000e\000c\000k\000\137\000o\000r\000t\000h\000o\000\050\000m\000a\000t\000r\000i\000x\000\040\000m\000a\000t\000\051}{section.C.7}% 156
\BOOKMARK [2][-]{subsection.C.7.5}{\376\377\000c\000h\000e\000c\000k\000\137\000u\000n\000i\000t\000a\000r\000y\000\050\000m\000a\000t\000r\000i\000x\000\040\000m\000a\000t\000\051}{section.C.7}% 157
\BOOKMARK [2][-]{subsection.C.7.6}{\376\377\000i\000n\000n\000e\000r\000\137\000p\000r\000o\000d\000u\000c\000t\000\050\000m\000a\000t\000r\000i\000x\000\040\000a\000,\000\040\000m\000a\000t\000r\000i\000x\000\040\000b\000\051}{section.C.7}% 158
\BOOKMARK [2][-]{subsection.C.7.7}{\376\377\000a\000n\000g\000l\000e\000\050\000m\000a\000t\000r\000i\000x\000\040\000a\000,\000\040\000m\000a\000t\000r\000i\000x\000\040\000b\000\051}{section.C.7}% 159
\BOOKMARK [1][-]{section.C.8}{\376\377\000V\000e\000c\000t\000o\000r\000\040\000U\000t\000i\000l\000i\000t\000y\000\040\000C\000o\000n\000s\000t\000r\000u\000c\000t\000o\000r\000s\000\040\000a\000n\000d\000\040\000S\000p\000a\000n\000\040\000C\000h\000e\000c\000k\000s}{appendix.C}% 160
\BOOKMARK [2][-]{subsection.C.8.1}{\376\377\000v\000e\000c\0001\000\050\000\051}{section.C.8}% 161
\BOOKMARK [2][-]{subsection.C.8.2}{\376\377\000v\000e\000c\0002\000\050\000\051}{section.C.8}% 162
\BOOKMARK [2][-]{subsection.C.8.3}{\376\377\000v\000e\000c\0003\000\050\000\051}{section.C.8}% 163
\BOOKMARK [2][-]{subsection.C.8.4}{\376\377\000v\000e\000c\0004\000\050\000\051}{section.C.8}% 164
\BOOKMARK [2][-]{subsection.C.8.5}{\376\377\000v\000e\000c\0005\000\050\000\051}{section.C.8}% 165
\BOOKMARK [2][-]{subsection.C.8.6}{\376\377\000v\000e\000c\0001\000\050\000d\000o\000u\000b\000l\000e\000\040\000x\000\051}{section.C.8}% 166
\BOOKMARK [2][-]{subsection.C.8.7}{\376\377\000v\000e\000c\0002\000\050\000d\000o\000u\000b\000l\000e\000\040\000x\000,\000\040\000d\000o\000u\000b\000l\000e\000\040\000y\000\051}{section.C.8}% 167
\BOOKMARK [2][-]{subsection.C.8.8}{\376\377\000v\000e\000c\0003\000\050\000d\000o\000u\000b\000l\000e\000\040\000x\000,\000\040\000d\000o\000u\000b\000l\000e\000\040\000y\000,\000\040\000d\000o\000u\000b\000l\000e\000\040\000z\000\051}{section.C.8}% 168
\BOOKMARK [2][-]{subsection.C.8.9}{\376\377\000v\000e\000c\0004\000\050\000d\000o\000u\000b\000l\000e\000\040\000x\000,\000\040\000d\000o\000u\000b\000l\000e\000\040\000y\000,\000\040\000d\000o\000u\000b\000l\000e\000\040\000z\000,\000\040\000d\000o\000u\000b\000l\000e\000\040\000w\000\051}{section.C.8}% 169
\BOOKMARK [2][-]{subsection.C.8.10}{\376\377\000v\000e\000c\0005\000\050\000d\000o\000u\000b\000l\000e\000\040\000x\000,\000\040\000d\000o\000u\000b\000l\000e\000\040\000y\000,\000\040\000d\000o\000u\000b\000l\000e\000\040\000z\000,\000\040\000d\000o\000u\000b\000l\000e\000\040\000w\000,\000\040\000d\000o\000u\000b\000l\000e\000\040\000u\000\051}{section.C.8}% 170
\BOOKMARK [2][-]{subsection.C.8.11}{\376\377\000c\000h\000e\000c\000k\000\137\000l\000i\000n\000\137\000c\000o\000m\000b\000\050\000m\000a\000t\000r\000i\000x\000\040\000m\0001\000,\000\040\000m\000a\000t\000r\000i\000x\000\040\000m\0002\000\051}{section.C.8}% 171
\BOOKMARK [2][-]{subsection.C.8.12}{\376\377\000c\000h\000e\000c\000k\000\137\000l\000i\000n\000\137\000c\000o\000m\000b\000\050\000m\000a\000t\000r\000i\000x\000\040\000m\0001\000,\000\040\000m\000a\000t\000r\000i\000x\000\040\000m\0002\000,\000\040\000m\000a\000t\000r\000i\000x\000\040\000m\0003\000\051}{section.C.8}% 172
\BOOKMARK [2][-]{subsection.C.8.13}{\376\377\000c\000h\000e\000c\000k\000\137\000l\000i\000n\000\137\000c\000o\000m\000b\000\050\000m\000a\000t\000r\000i\000x\000\040\000m\0001\000,\000\040\000m\000a\000t\000r\000i\000x\000\040\000m\0002\000,\000\040\000m\000a\000t\000r\000i\000x\000\040\000m\0003\000,\000\040\000m\000a\000t\000r\000i\000x\000\040\000m\0004\000\051}{section.C.8}% 173
\BOOKMARK [2][-]{subsection.C.8.14}{\376\377\000c\000h\000e\000c\000k\000\137\000l\000i\000n\000\137\000c\000o\000m\000b\000\050\000m\000a\000t\000r\000i\000x\000\040\000m\0001\000,\000\040\000m\000a\000t\000r\000i\000x\000\040\000m\0002\000,\000\040\000m\000a\000t\000r\000i\000x\000\040\000m\0003\000,\000\040\000m\000a\000t\000r\000i\000x\000\040\000m\0004\000,\000\040\000m\000a\000t\000r\000i\000x\000\040\000m\0005\000\051}{section.C.8}% 174
\BOOKMARK [1][-]{section.C.9}{\376\377\0002\000D\000\040\000a\000n\000d\000\040\0003\000D\000\040\000T\000r\000a\000n\000s\000f\000o\000r\000m\000a\000t\000i\000o\000n\000\040\000F\000a\000c\000t\000o\000r\000i\000e\000s}{appendix.C}% 175
\BOOKMARK [2][-]{subsection.C.9.1}{\376\377\000s\000h\000i\000f\000t\000\050\000d\000o\000u\000b\000l\000e\000\040\000d\000x\000,\000\040\000d\000o\000u\000b\000l\000e\000\040\000d\000y\000\051}{section.C.9}% 176
\BOOKMARK [2][-]{subsection.C.9.2}{\376\377\000s\000c\000a\000l\000e\000\050\000d\000o\000u\000b\000l\000e\000\040\000k\000x\000,\000\040\000d\000o\000u\000b\000l\000e\000\040\000k\000y\000\051}{section.C.9}% 177
\BOOKMARK [2][-]{subsection.C.9.3}{\376\377\000r\000o\000t\000a\000t\000e\000\050\000d\000o\000u\000b\000l\000e\000\040\000a\000n\000g\000l\000e\000\051}{section.C.9}% 178
\BOOKMARK [2][-]{subsection.C.9.4}{\376\377\000s\000h\000i\000f\000t\000\050\000d\000o\000u\000b\000l\000e\000\040\000d\000x\000,\000\040\000d\000o\000u\000b\000l\000e\000\040\000d\000y\000,\000\040\000d\000o\000u\000b\000l\000e\000\040\000d\000z\000\051}{section.C.9}% 179
\BOOKMARK [2][-]{subsection.C.9.5}{\376\377\000s\000c\000a\000l\000e\000\050\000d\000o\000u\000b\000l\000e\000\040\000k\000x\000,\000\040\000d\000o\000u\000b\000l\000e\000\040\000k\000y\000,\000\040\000d\000o\000u\000b\000l\000e\000\040\000k\000z\000\051}{section.C.9}% 180
\BOOKMARK [2][-]{subsection.C.9.6}{\376\377\000r\000o\000t\000\137\000x\000\050\000d\000o\000u\000b\000l\000e\000\040\000a\000n\000g\000l\000e\000\051}{section.C.9}% 181
\BOOKMARK [2][-]{subsection.C.9.7}{\376\377\000r\000o\000t\000\137\000y\000\050\000d\000o\000u\000b\000l\000e\000\040\000a\000n\000g\000l\000e\000\051}{section.C.9}% 182
\BOOKMARK [2][-]{subsection.C.9.8}{\376\377\000r\000o\000t\000\137\000z\000\050\000d\000o\000u\000b\000l\000e\000\040\000a\000n\000g\000l\000e\000\051}{section.C.9}% 183
\BOOKMARK [0][-]{appendix*.3}{\376\377\000C\000l\000o\000s\000i\000n\000g\000\040\000N\000o\000t\000e}{}% 184
